<?xml version="1.0" encoding="UTF-8"?>
<testng-results ignored="0" total="5" passed="5" failed="0" skipped="0">
  <reporter-output>
  </reporter-output>
  <suite started-at="2024-07-15T11:03:44Z" name="Default suite" finished-at="2024-07-15T11:04:01Z" duration-ms="17122">
    <groups>
    </groups>
    <test started-at="2024-07-15T11:03:44Z" name="Default test" finished-at="2024-07-15T11:04:01Z" duration-ms="17122">
      <class name="restAssured.PostHookAPI">
        <test-method signature="scheduleAHook()[pri:0, instance:restAssured.PostHookAPI@16eccb2e]" started-at="2024-07-15T11:03:44Z" name="scheduleAHook" finished-at="2024-07-15T11:03:50Z" duration-ms="5735" status="PASS">
          <reporter-output>
          </reporter-output>
        </test-method> <!-- scheduleAHook -->
        <test-method signature="getAHook()[pri:1, instance:restAssured.PostHookAPI@16eccb2e]" started-at="2024-07-15T11:03:50Z" name="getAHook" finished-at="2024-07-15T11:03:55Z" duration-ms="4719" status="PASS">
          <reporter-output>
          </reporter-output>
        </test-method> <!-- getAHook -->
        <test-method signature="getHookwithID()[pri:2, instance:restAssured.PostHookAPI@16eccb2e]" started-at="2024-07-15T11:03:55Z" name="getHookwithID" finished-at="2024-07-15T11:03:57Z" duration-ms="2297" status="PASS">
          <reporter-output>
          </reporter-output>
        </test-method> <!-- getHookwithID -->
        <test-method signature="deleteAHook()[pri:3, instance:restAssured.PostHookAPI@16eccb2e]" started-at="2024-07-15T11:03:57Z" name="deleteAHook" finished-at="2024-07-15T11:03:59Z" duration-ms="2295" status="PASS">
          <reporter-output>
          </reporter-output>
        </test-method> <!-- deleteAHook -->
        <test-method signature="putData()[pri:4, instance:restAssured.PostHookAPI@16eccb2e]" started-at="2024-07-15T11:03:59Z" name="putData" finished-at="2024-07-15T11:04:01Z" duration-ms="1985" status="PASS">
          <reporter-output>
          </reporter-output>
        </test-method> <!-- putData -->
      </class> <!-- restAssured.PostHookAPI -->
    </test> <!-- Default test -->
  </suite> <!-- Default suite -->
</testng-results>
