<?xml version="1.0" encoding="UTF-8"?>
<!-- Generated by org.testng.reporters.JUnitXMLReporter -->
<testsuite ignored="0" hostname="Art-Samir" failures="0" tests="5" name="Default test" time="17.122" errors="0" timestamp="15 Jul 2024 11:04:02 GMT">
  <testcase classname="restAssured.PostHookAPI" name="scheduleAHook" time="5.735"/>
  <testcase classname="restAssured.PostHookAPI" name="getAHook" time="4.719"/>
  <testcase classname="restAssured.PostHookAPI" name="getHookwithID" time="2.297"/>
  <testcase classname="restAssured.PostHookAPI" name="deleteAHook" time="2.295"/>
  <testcase classname="restAssured.PostHookAPI" name="putData" time="1.985"/>
</testsuite> <!-- Default test -->
